{"name": "test_register_from_misalignment", "status": "broken", "statusDetails": {"message": "Exception: safe_get_location failed after 3 attempts for xpath: //input[@name='username']", "trace": "browserInstance = <selenium.webdriver.chrome.webdriver.WebDriver (session=\"605fa3e6de5853e392a92e862966d1a3\")>\n\n    @pytest.mark.smoke\n    def test_register_from_misalignment(browserInstance):\n        driver = browserInstance\n        driver.get(\"https://parabank.parasoft.com/parabank/index.htm\")\n        browserInstance.maximize_window()\n        wrong_alignment = field_misaligned(browserInstance)\n        wrong_alignment .enter_username(user_data[\"wrong_username\"])\n        wrong_alignment .enter_password(user_data[\"wrong_password\"])\n        wrong_alignment .click_on_submit()\n        # Verify fields alignment (visual UI check)\n>       username_y, password_y = wrong_alignment.get_field_positions()\n\nTests\\Negative_Testing\\test_register_from_misalignment.py:24: \n_ _ _ _ _ _ _ _ _ _ _ _ _ _ _ _ _ _ _ _ _ _ _ _ _ _ _ _ _ _ _ _ _ _ _ _ _ _ _ _ _ _ _ _ _ _ _ _ _ _ _ _ _ _ _ _ _ _ _ _ _ _ _ _ _ _ _ _ _ _ _ _ _ _ _ _ _ _ _ _ _ _ _ _ _ _ _ _ _ _ _ _ _ _ _\nPage_Pom\\Negative_POM\\Register_field_misaligned.py:22: in get_field_positions\n    username_y = safe_get_location(self.driver, Locators.login_username, \"y\")\n_ _ _ _ _ _ _ _ _ _ _ _ _ _ _ _ _ _ _ _ _ _ _ _ _ _ _ _ _ _ _ _ _ _ _ _ _ _ _ _ _ _ _ _ _ _ _ _ _ _ _ _ _ _ _ _ _ _ _ _ _ _ _ _ _ _ _ _ _ _ _ _ _ _ _ _ _ _ _ _ _ _ _ _ _ _ _ _ _ _ _ _ _ _ _\n\ndriver = <selenium.webdriver.chrome.webdriver.WebDriver (session=\"605fa3e6de5853e392a92e862966d1a3\")>, xpath = \"//input[@name='username']\", axis = 'y', timeout = 30, retries = 3\n\n    def safe_get_location(driver, xpath, axis='y', timeout=30, retries=3):\n            \"\"\"\n            Safely get the x or y location of a web element.\n            axis = 'x' or 'y' (default 'y')\n            \"\"\"\n            for attempt in range(retries):\n                try:\n                    # Wait for element presence\n                    element = WebDriverWait(driver, timeout).until(\n                        EC.presence_of_element_located((By.XPATH, xpath))\n                    )\n                    location = element.location\n    \n                    # Return requested coordinate\n                    if axis.lower() == 'x':\n                        return location['x']\n                    elif axis.lower() == 'y':\n                        return location['y']\n                    else:\n                        raise ValueError(\"Axis must be either 'x' or 'y'\")\n    \n                except StaleElementReferenceException:\n                    print(f\"[Retry {attempt + 1}] Element became stale, retrying...\")\n                    time.sleep(2)\n    \n                except TimeoutException:\n                    print(f\"[Timeout] Element not found for xpath: {xpath}\")\n                    break\n    \n>           raise Exception(f\"safe_get_location failed after {retries} attempts for xpath: {xpath}\")\nE           Exception: safe_get_location failed after 3 attempts for xpath: //input[@name='username']\n\nUtils\\selenium_helpers.py:108: Exception"}, "steps": [{"name": "Enter username :'sa112232@' ", "status": "passed", "parameters": [{"name": "existing_username", "value": "'sa112232@'"}], "start": 1762225698964, "stop": 1762225700129}, {"name": "Enter user password :'Sachin306@' ", "status": "passed", "parameters": [{"name": "password", "value": "'Sachin306@'"}], "start": 1762225700130, "stop": 1762225700892}, {"name": "Click on Submit button ", "status": "passed", "start": 1762225700892, "stop": 1762225705232}], "attachments": [{"name": "stdout", "source": "fcf7b343-cd64-48c9-b840-c6988b33d48a-attachment.txt", "type": "text/plain"}], "start": 1762225694871, "stop": 1762225735399, "uuid": "48a59fcc-db8a-4dcb-8480-114af065fbef", "historyId": "69606f665d7fc579416b4813aa5a90fa", "testCaseId": "69606f665d7fc579416b4813aa5a90fa", "fullName": "Tests.Negative_Testing.test_register_from_misalignment#test_register_from_misalignment", "labels": [{"name": "tag", "value": "smoke"}, {"name": "parentSuite", "value": "Tests.Negative_Testing"}, {"name": "suite", "value": "test_register_from_misalignment"}, {"name": "host", "value": "MSI"}, {"name": "thread", "value": "27668-MainThread"}, {"name": "framework", "value": "pytest"}, {"name": "language", "value": "cpython3"}, {"name": "package", "value": "Tests.Negative_Testing.test_register_from_misalignment"}], "titlePath": ["Tests", "Negative_Testing", "test_register_from_misalignment.py"]}