{"name": "test_Transaction_for_date", "status": "failed", "statusDetails": {"message": "AssertionError: Expected 200, got 400\nassert 400 == 200\n +  where 400 = <Response [400]>.status_code", "trace": "def test_Transaction_for_date():\n        Account_id = 36321\n        from_date = 16-10-2025\n        to_date = 16-10-2025\n        response = TRANSACTION_FOR_DATE.transaction_for_date(Account_id, from_date, to_date)\n    \n        print(\"Status Code:\", response.status_code)\n        print(\"Response Body:\", response.text)\n    \n>       assert response.status_code == 200, f\"Expected 200, got {response.status_code}\"\nE       AssertionError: Expected 200, got 400\nE       assert 400 == 200\nE        +  where 400 = <Response [400]>.status_code\n\nTests\\API_Testing\\GET_TESTING\\test_transaction_for_date_range.py:12: AssertionError"}, "attachments": [{"name": "stdout", "source": "2fd25388-0f77-492c-a4ee-b469ea2a2e14-attachment.txt", "type": "text/plain"}], "start": 1760618184598, "stop": 1760618186503, "uuid": "d4397fd1-9e77-470d-8579-b5eb040e4b17", "historyId": "dee4e5b75657422975f0966e946d48a9", "testCaseId": "dee4e5b75657422975f0966e946d48a9", "fullName": "Tests.API_Testing.GET_TESTING.test_transaction_for_date_range#test_Transaction_for_date", "labels": [{"name": "parentSuite", "value": "Tests.API_Testing.GET_TESTING"}, {"name": "suite", "value": "test_transaction_for_date_range"}, {"name": "host", "value": "MSI"}, {"name": "thread", "value": "33416-MainThread"}, {"name": "framework", "value": "pytest"}, {"name": "language", "value": "cpython3"}, {"name": "package", "value": "Tests.API_Testing.GET_TESTING.test_transaction_for_date_range"}], "titlePath": ["Tests", "API_Testing", "GET_TESTING", "test_transaction_for_date_range.py"]}