{"name": "test_Fetch_transactions_for_a_specfic_date_for_account", "status": "failed", "statusDetails": {"message": "AssertionError: Expected 200, got 400\nassert 400 == 200\n +  where 400 = <Response [400]>.status_code", "trace": "@pytest.mark.smoke\n    def test_Fetch_transactions_for_a_specfic_date_for_account():\n        Account_id = 26997\n        onDate = 21 - 10 - 25\n    \n        response = FETCH_TRANSACTION.fetch_transaction_for_account(Account_id, onDate)\n    \n        print(\"Status Code:\", response.status_code)\n        print(\"Response Body:\", response.text)\n    \n>       assert response.status_code == 200, f\"Expected 200, got {response.status_code}\"\nE       AssertionError: Expected 200, got 400\nE       assert 400 == 200\nE        +  where 400 = <Response [400]>.status_code\n\nTests\\API_Testing\\GET_TESTING\\test_fetch_transactions_for_a_specfic_date_for_account.py:16: AssertionError"}, "attachments": [{"name": "stdout", "source": "8851f55e-ea33-4fe5-bd06-0b80a1e478bc-attachment.txt", "type": "text/plain"}], "start": 1761014340400, "stop": 1761014341879, "uuid": "3a6d53a3-8910-4450-86d2-579e749b2e50", "historyId": "8f77b70d2fc7cdb07a78b8057a12ce88", "testCaseId": "8f77b70d2fc7cdb07a78b8057a12ce88", "fullName": "Tests.API_Testing.GET_TESTING.test_fetch_transactions_for_a_specfic_date_for_account#test_Fetch_transactions_for_a_specfic_date_for_account", "labels": [{"name": "tag", "value": "smoke"}, {"name": "parentSuite", "value": "Tests.API_Testing.GET_TESTING"}, {"name": "suite", "value": "test_fetch_transactions_for_a_specfic_date_for_account"}, {"name": "host", "value": "MSI"}, {"name": "thread", "value": "1744-MainThread"}, {"name": "framework", "value": "pytest"}, {"name": "language", "value": "cpython3"}, {"name": "package", "value": "Tests.API_Testing.GET_TESTING.test_fetch_transactions_for_a_specfic_date_for_account"}], "titlePath": ["Tests", "API_Testing", "GET_TESTING", "test_fetch_transactions_for_a_specfic_date_for_account.py"]}