{"name": "test_register_user", "status": "failed", "statusDetails": {"message": "AssertionError: Expected 'Error!\n  The username and password could not be verified.' but got: 'Accounts Overview\n  Account Balance* Available Amount\n  21225 $515.50 $515.50\n  Total $515.50  \n  *Balance includes deposits that may be subject to holds'\nassert 'Accounts Ove...ject to holds' == 'Error!\\nThe ... be verified.'\n  \n  - Error!\n  - The username and password could not be verified.\n  + Accounts Overview\n  + Account Balance* Available Amount\n  + 21225 $515.50 $515.50\n  + Total $515.50  \n  + *Balance includes deposits that may be subject to holds", "trace": "browserInstance = <selenium.webdriver.chrome.webdriver.WebDriver (session=\"b96b3a9008d1c6f1d80310c89db3f7b8\")>\n\n    @pytest.mark.smoke\n    def test_register_user(browserInstance):\n        driver = browserInstance\n        driver.get(\"https://parabank.parasoft.com/parabank/index.htm\")\n        browserInstance.maximize_window()\n        wrong_user_login = wrong_user(browserInstance)\n        wrong_user_login.wrong_userID(user_data[\"wrong_username\"])\n        wrong_user_login.wrong_password(user_data[\"wrong_password\"])\n        wrong_user_login.click_on_submit()\n        time.sleep(4)\n        Error_note = f\"Error!\\nThe username and password could not be verified.\"\n    #Error!\n    \n        # Assertion\n        Error_message = wrong_user_login.error_message()\n>       assert Error_message.strip() == Error_note.strip(), \\\n            f\"Expected '{Error_note}' but got: '{Error_message}'\"\nE       AssertionError: Expected 'Error!\nE         The username and password could not be verified.' but got: 'Accounts Overview\nE         Account Balance* Available Amount\nE         21225 $515.50 $515.50\nE         Total $515.50  \nE         *Balance includes deposits that may be subject to holds'\nE       assert 'Accounts Ove...ject to holds' == 'Error!\\nThe ... be verified.'\nE         \nE         - Error!\nE         - The username and password could not be verified.\nE         + Accounts Overview\nE         + Account Balance* Available Amount\nE         + 21225 $515.50 $515.50\nE         + Total $515.50  \nE         + *Balance includes deposits that may be subject to holds\n\nTests\\Negative_Testing\\test_login_with_wrong_user.py:31: AssertionError"}, "steps": [{"name": "Try login with wrong user name :'sa112232@' ", "status": "passed", "parameters": [{"name": "existing_username", "value": "'sa112232@'"}], "start": 1762225810999, "stop": 1762225812180}, {"name": "Enter user wrong password :'Sachin306@' ", "status": "passed", "parameters": [{"name": "password", "value": "'Sachin306@'"}], "start": 1762225812180, "stop": 1762225812911}, {"name": "Click on Submit button ", "status": "passed", "start": 1762225812911, "stop": 1762225819450}, {"name": "Error message displayed ", "status": "passed", "start": 1762225823452, "stop": 1762225823491}], "start": 1762225805879, "stop": 1762225823492, "uuid": "3a2a3132-ceb1-4eea-844e-4cd4ba962bd4", "historyId": "0f9e4072b8042a13d1962f2fcec1cb1c", "testCaseId": "0f9e4072b8042a13d1962f2fcec1cb1c", "fullName": "Tests.Negative_Testing.test_login_with_wrong_user#test_register_user", "labels": [{"name": "tag", "value": "smoke"}, {"name": "parentSuite", "value": "Tests.Negative_Testing"}, {"name": "suite", "value": "test_login_with_wrong_user"}, {"name": "host", "value": "MSI"}, {"name": "thread", "value": "33080-MainThread"}, {"name": "framework", "value": "pytest"}, {"name": "language", "value": "cpython3"}, {"name": "package", "value": "Tests.Negative_Testing.test_login_with_wrong_user"}], "titlePath": ["Tests", "Negative_Testing", "test_login_with_wrong_user.py"]}