{"name": "test_bill_pay", "status": "failed", "statusDetails": {"message": "AssertionError: Expected 200, got 400\nassert 400 == 200\n +  where 400 = <Response [400]>.status_code", "trace": "@pytest.mark.smoke\n    def test_bill_pay():\n        user_data = payloads.load_test_data()\n        payload = payloads.build_customer_payload(user_data)\n        response = DEPOSIT.bill_pay_response(payload, account_id=17673, amount=1000)\n        #response = post_deposit(payload, account_id=17673, amount=1000)\n    \n        print(\"Status Code:\", response.status_code)\n        print(\"Response Body:\", response.text)\n>       assert response.status_code == 200, f\"Expected 200, got {response.status_code}\"\nE       AssertionError: Expected 200, got 400\nE       assert 400 == 200\nE        +  where 400 = <Response [400]>.status_code\n\nTests\\API_Testing\\POST_TESTING\\test_deposit.py:16: AssertionError"}, "attachments": [{"name": "stdout", "source": "93fb6458-4931-4187-958c-06178ddb7938-attachment.txt", "type": "text/plain"}], "start": 1761017553472, "stop": 1761017555634, "uuid": "aed6235c-2cc9-431e-8679-d3d4200abd87", "historyId": "c1fad46400cc636832267996ce3b50c2", "testCaseId": "c1fad46400cc636832267996ce3b50c2", "fullName": "Tests.API_Testing.POST_TESTING.test_deposit#test_bill_pay", "labels": [{"name": "tag", "value": "smoke"}, {"name": "parentSuite", "value": "Tests.API_Testing.POST_TESTING"}, {"name": "suite", "value": "test_deposit"}, {"name": "host", "value": "MSI"}, {"name": "thread", "value": "12364-MainThread"}, {"name": "framework", "value": "pytest"}, {"name": "language", "value": "cpython3"}, {"name": "package", "value": "Tests.API_Testing.POST_TESTING.test_deposit"}], "titlePath": ["Tests", "API_Testing", "POST_TESTING", "test_deposit.py"]}